<?xml version="1.0" encoding="UTF-8"?>
<coverage generated="1592338299645" clover="3.2.0">
  <project timestamp="1592338299646" name="All files">
    <metrics statements="163" coveredstatements="133" conditionals="122" coveredconditionals="93" methods="29" coveredmethods="22" elements="314" coveredelements="248" complexity="0" loc="163" ncloc="163" packages="4" files="8" classes="8"/>
    <package name="src">
      <metrics statements="81" coveredstatements="62" conditionals="51" coveredconditionals="35" methods="18" coveredmethods="14"/>
      <file name="bearings.js" path="C:\Users\User\Documents\personal software\geo\src\bearings.js">
        <metrics statements="54" coveredstatements="36" conditionals="37" coveredconditionals="26" methods="10" coveredmethods="7"/>
        <line num="1" count="1" type="stmt"/>
        <line num="2" count="1" type="stmt"/>
        <line num="4" count="1" type="stmt"/>
        <line num="5" count="4" type="stmt"/>
        <line num="18" count="1" type="stmt"/>
        <line num="19" count="5" type="stmt"/>
        <line num="20" count="5" type="stmt"/>
        <line num="21" count="42" type="cond" truecount="6" falsecount="0"/>
        <line num="22" count="12" type="stmt"/>
        <line num="27" count="30" type="cond" truecount="4" falsecount="0"/>
        <line num="28" count="3" type="stmt"/>
        <line num="34" count="5" type="stmt"/>
        <line num="37" count="1" type="stmt"/>
        <line num="59" count="3" type="stmt"/>
        <line num="60" count="3" type="cond" truecount="2" falsecount="0"/>
        <line num="63" count="2" type="stmt"/>
        <line num="64" count="2" type="cond" truecount="2" falsecount="0"/>
        <line num="66" count="1" type="stmt"/>
        <line num="68" count="6" type="stmt"/>
        <line num="76" count="1" type="stmt"/>
        <line num="77" count="1" type="stmt"/>
        <line num="79" count="1" type="cond" truecount="1" falsecount="1"/>
        <line num="81" count="1" type="stmt"/>
        <line num="86" count="2" type="stmt"/>
        <line num="106" count="5" type="stmt"/>
        <line num="107" count="5" type="stmt"/>
        <line num="109" count="3" type="stmt"/>
        <line num="110" count="3" type="stmt"/>
        <line num="111" count="3" type="stmt"/>
        <line num="113" count="3" type="stmt"/>
        <line num="115" count="3" type="stmt"/>
        <line num="118" count="3" type="stmt"/>
        <line num="120" count="2" type="stmt"/>
        <line num="137" count="4" type="cond" truecount="6" falsecount="0"/>
        <line num="138" count="1" type="stmt"/>
        <line num="140" count="3" type="stmt"/>
        <line num="158" count="0" type="stmt"/>
        <line num="159" count="0" type="cond" truecount="0" falsecount="2"/>
        <line num="160" count="0" type="stmt"/>
        <line num="162" count="0" type="cond" truecount="0" falsecount="2"/>
        <line num="163" count="0" type="stmt"/>
        <line num="166" count="0" type="stmt"/>
        <line num="179" count="0" type="stmt"/>
        <line num="180" count="0" type="cond" truecount="0" falsecount="2"/>
        <line num="181" count="0" type="stmt"/>
        <line num="183" count="0" type="cond" truecount="0" falsecount="2"/>
        <line num="184" count="0" type="stmt"/>
        <line num="187" count="0" type="stmt"/>
        <line num="203" count="0" type="stmt"/>
        <line num="204" count="0" type="stmt"/>
        <line num="206" count="0" type="stmt"/>
        <line num="208" count="0" type="cond" truecount="0" falsecount="2"/>
        <line num="209" count="0" type="stmt"/>
        <line num="211" count="0" type="stmt"/>
      </file>
      <file name="prototypes.js" path="C:\Users\User\Documents\personal software\geo\src\prototypes.js">
        <metrics statements="27" coveredstatements="26" conditionals="14" coveredconditionals="9" methods="8" coveredmethods="7"/>
        <line num="1" count="3" type="stmt"/>
        <line num="3" count="3" type="stmt"/>
        <line num="4" count="36" type="cond" truecount="2" falsecount="0"/>
        <line num="5" count="36" type="stmt"/>
        <line num="9" count="3" type="stmt"/>
        <line num="10" count="22" type="stmt"/>
        <line num="14" count="3" type="stmt"/>
        <line num="15" count="6" type="stmt"/>
        <line num="19" count="3" type="stmt"/>
        <line num="20" count="1" type="stmt"/>
        <line num="24" count="3" type="stmt"/>
        <line num="25" count="3" type="stmt"/>
        <line num="26" count="3" type="stmt"/>
        <line num="27" count="3" type="stmt"/>
        <line num="28" count="3" type="stmt"/>
        <line num="29" count="3" type="stmt"/>
        <line num="32" count="3" type="cond" truecount="1" falsecount="1"/>
        <line num="33" count="3" type="cond" truecount="2" falsecount="0"/>
        <line num="34" count="3" type="cond" truecount="1" falsecount="1"/>
        <line num="35" count="3" type="cond" truecount="1" falsecount="1"/>
        <line num="36" count="3" type="stmt"/>
        <line num="39" count="3" type="stmt"/>
        <line num="41" count="1" type="cond" truecount="1" falsecount="1"/>
        <line num="44" count="3" type="stmt"/>
        <line num="46" count="1" type="cond" truecount="1" falsecount="1"/>
        <line num="55" count="3" type="stmt"/>
        <line num="56" count="0" type="stmt"/>
      </file>
    </package>
    <package name="src.parseDMS">
      <metrics statements="15" coveredstatements="14" conditionals="13" coveredconditionals="11" methods="3" coveredmethods="3"/>
      <file name="index.js" path="C:\Users\User\Documents\personal software\geo\src\parseDMS\index.js">
        <metrics statements="15" coveredstatements="14" conditionals="13" coveredconditionals="11" methods="3" coveredmethods="3"/>
        <line num="20" count="3" type="stmt"/>
        <line num="21" count="3" type="stmt"/>
        <line num="22" count="3" type="stmt"/>
        <line num="39" count="3" type="cond" truecount="1" falsecount="0"/>
        <line num="40" count="117" type="cond" truecount="1" falsecount="1"/>
        <line num="42" count="117" type="cond" truecount="4" falsecount="0"/>
        <line num="43" count="81" type="stmt"/>
        <line num="46" count="36" type="cond" truecount="2" falsecount="0"/>
        <line num="47" count="17" type="cond" truecount="2" falsecount="0"/>
        <line num="48" count="12" type="stmt"/>
        <line num="49" count="42" type="stmt"/>
        <line num="53" count="19" type="cond" truecount="1" falsecount="1"/>
        <line num="54" count="19" type="stmt"/>
        <line num="57" count="0" type="stmt"/>
        <line num="63" count="3" type="stmt"/>
      </file>
    </package>
    <package name="src.parseDMS.components">
      <metrics statements="58" coveredstatements="48" conditionals="58" coveredconditionals="47" methods="8" coveredmethods="5"/>
      <file name="processDMS.js" path="C:\Users\User\Documents\personal software\geo\src\parseDMS\components\processDMS.js">
        <metrics statements="22" coveredstatements="21" conditionals="19" coveredconditionals="18" methods="2" coveredmethods="2"/>
        <line num="1" count="3" type="stmt"/>
        <line num="2" count="3" type="stmt"/>
        <line num="4" count="3" type="stmt"/>
        <line num="5" count="81" type="stmt"/>
        <line num="7" count="81" type="cond" truecount="2" falsecount="0"/>
        <line num="8" count="5" type="stmt"/>
        <line num="11" count="76" type="cond" truecount="2" falsecount="0"/>
        <line num="16" count="37" type="cond" truecount="2" falsecount="0"/>
        <line num="18" count="33" type="stmt"/>
        <line num="22" count="39" type="stmt"/>
        <line num="28" count="39" type="stmt"/>
        <line num="29" count="136" type="cond" truecount="2" falsecount="0"/>
        <line num="30" count="21" type="cond" truecount="1" falsecount="1"/>
        <line num="31" count="0" type="stmt"/>
        <line num="33" count="21" type="stmt"/>
        <line num="37" count="39" type="stmt"/>
        <line num="38" count="32" type="stmt"/>
        <line num="40" count="32" type="cond" truecount="4" falsecount="0"/>
        <line num="41" count="32" type="stmt"/>
        <line num="43" count="16" type="cond" truecount="2" falsecount="0"/>
        <line num="44" count="11" type="stmt"/>
        <line num="48" count="3" type="stmt"/>
      </file>
      <file name="processDMSstring.js" path="C:\Users\User\Documents\personal software\geo\src\parseDMS\components\processDMSstring.js">
        <metrics statements="11" coveredstatements="8" conditionals="4" coveredconditionals="2" methods="1" coveredmethods="1"/>
        <line num="1" count="3" type="stmt"/>
        <line num="3" count="32" type="cond" truecount="2" falsecount="2"/>
        <line num="7" count="31" type="stmt"/>
        <line num="8" count="31" type="stmt"/>
        <line num="10" count="1" type="stmt"/>
        <line num="11" count="1" type="stmt"/>
        <line num="13" count="0" type="stmt"/>
        <line num="17" count="0" type="stmt"/>
        <line num="19" count="0" type="stmt"/>
        <line num="22" count="32" type="stmt"/>
        <line num="25" count="3" type="stmt"/>
      </file>
      <file name="processPointObject.js" path="C:\Users\User\Documents\personal software\geo\src\parseDMS\components\processPointObject.js">
        <metrics statements="15" coveredstatements="10" conditionals="20" coveredconditionals="13" methods="4" coveredmethods="1"/>
        <line num="1" count="3" type="stmt"/>
        <line num="2" count="0" type="cond" truecount="0" falsecount="4"/>
        <line num="7" count="3" type="stmt"/>
        <line num="8" count="19" type="cond" truecount="1" falsecount="1"/>
        <line num="10" count="19" type="cond" truecount="2" falsecount="0"/>
        <line num="16" count="19" type="cond" truecount="2" falsecount="0"/>
        <line num="22" count="19" type="cond" truecount="2" falsecount="0"/>
        <line num="23" count="13" type="cond" truecount="2" falsecount="0"/>
        <line num="24" count="12" type="cond" truecount="2" falsecount="0"/>
        <line num="26" count="17" type="cond" truecount="2" falsecount="0"/>
        <line num="28" count="0" type="cond" truecount="0" falsecount="2"/>
        <line num="29" count="0" type="stmt"/>
        <line num="31" count="0" type="stmt"/>
        <line num="32" count="0" type="stmt"/>
        <line num="37" count="3" type="stmt"/>
      </file>
      <file name="validateDMSString.js" path="C:\Users\User\Documents\personal software\geo\src\parseDMS\components\validateDMSString.js">
        <metrics statements="10" coveredstatements="9" conditionals="15" coveredconditionals="14" methods="1" coveredmethods="1"/>
        <line num="11" count="3" type="stmt"/>
        <line num="13" count="39" type="cond" truecount="2" falsecount="0"/>
        <line num="15" count="38" type="cond" truecount="3" falsecount="1"/>
        <line num="16" count="0" type="stmt"/>
        <line num="18" count="38" type="cond" truecount="3" falsecount="0"/>
        <line num="22" count="36" type="cond" truecount="2" falsecount="0"/>
        <line num="24" count="33" type="cond" truecount="2" falsecount="0"/>
        <line num="27" count="33" type="cond" truecount="2" falsecount="0"/>
        <line num="30" count="32" type="stmt"/>
        <line num="34" count="3" type="stmt"/>
      </file>
    </package>
    <package name="test">
      <metrics statements="9" coveredstatements="9" conditionals="0" coveredconditionals="0" methods="0" coveredmethods="0"/>
      <file name="test_defaults.js" path="C:\Users\User\Documents\personal software\geo\test\test_defaults.js">
        <metrics statements="9" coveredstatements="9" conditionals="0" coveredconditionals="0" methods="0" coveredmethods="0"/>
        <line num="1" count="3" type="stmt"/>
        <line num="12" count="3" type="stmt"/>
        <line num="26" count="3" type="stmt"/>
        <line num="37" count="3" type="stmt"/>
        <line num="39" count="3" type="stmt"/>
        <line num="53" count="3" type="stmt"/>
        <line num="60" count="3" type="stmt"/>
        <line num="76" count="3" type="stmt"/>
        <line num="82" count="3" type="stmt"/>
      </file>
    </package>
  </project>
</coverage>
