{"C:\\Users\\User\\Documents\\personal software\\geo\\src\\bearings.js": {"path":"C:\\Users\\User\\Documents\\personal software\\geo\\src\\bearings.js","statementMap":{"0":{"start":{"line":1,"column":17},"end":{"line":1,"column":38}},"1":{"start":{"line":2,"column":0},"end":{"line":2,"column":24}},"2":{"start":{"line":4,"column":20},"end":{"line":6,"column":1}},"3":{"start":{"line":5,"column":2},"end":{"line":5,"column":47}},"4":{"start":{"line":18,"column":25},"end":{"line":35,"column":1}},"5":{"start":{"line":19,"column":16},"end":{"line":19,"column":18}},"6":{"start":{"line":20,"column":2},"end":{"line":32,"column":5}},"7":{"start":{"line":21,"column":4},"end":{"line":25,"column":9}},"8":{"start":{"line":22,"column":6},"end":{"line":25,"column":9}},"9":{"start":{"line":27,"column":4},"end":{"line":31,"column":9}},"10":{"start":{"line":28,"column":6},"end":{"line":31,"column":9}},"11":{"start":{"line":34,"column":2},"end":{"line":34,"column":17}},"12":{"start":{"line":37,"column":0},"end":{"line":214,"column":2}},"13":{"start":{"line":59,"column":4},"end":{"line":87,"column":5}},"14":{"start":{"line":60,"column":6},"end":{"line":60,"column":75}},"15":{"start":{"line":60,"column":31},"end":{"line":60,"column":75}},"16":{"start":{"line":63,"column":26},"end":{"line":63,"column":52}},"17":{"start":{"line":64,"column":6},"end":{"line":64,"column":56}},"18":{"start":{"line":64,"column":36},"end":{"line":64,"column":56}},"19":{"start":{"line":66,"column":19},"end":{"line":74,"column":7}},"20":{"start":{"line":68,"column":10},"end":{"line":71,"column":12}},"21":{"start":{"line":76,"column":25},"end":{"line":76,"column":69}},"22":{"start":{"line":77,"column":25},"end":{"line":77,"column":45}},"23":{"start":{"line":79,"column":6},"end":{"line":79,"column":50}},"24":{"start":{"line":79,"column":30},"end":{"line":79,"column":50}},"25":{"start":{"line":81,"column":6},"end":{"line":84,"column":8}},"26":{"start":{"line":86,"column":6},"end":{"line":86,"column":23}},"27":{"start":{"line":106,"column":4},"end":{"line":121,"column":5}},"28":{"start":{"line":107,"column":37},"end":{"line":107,"column":59}},"29":{"start":{"line":109,"column":21},"end":{"line":109,"column":43}},"30":{"start":{"line":110,"column":19},"end":{"line":110,"column":39}},"31":{"start":{"line":111,"column":20},"end":{"line":111,"column":59}},"32":{"start":{"line":113,"column":14},"end":{"line":113,"column":50}},"33":{"start":{"line":115,"column":8},"end":{"line":116,"column":65}},"34":{"start":{"line":118,"column":6},"end":{"line":118,"column":77}},"35":{"start":{"line":120,"column":6},"end":{"line":120,"column":16}},"36":{"start":{"line":137,"column":4},"end":{"line":138,"column":35}},"37":{"start":{"line":138,"column":6},"end":{"line":138,"column":35}},"38":{"start":{"line":140,"column":4},"end":{"line":143,"column":6}},"39":{"start":{"line":158,"column":4},"end":{"line":158,"column":31}},"40":{"start":{"line":159,"column":4},"end":{"line":161,"column":5}},"41":{"start":{"line":160,"column":6},"end":{"line":160,"column":17}},"42":{"start":{"line":162,"column":4},"end":{"line":164,"column":5}},"43":{"start":{"line":163,"column":6},"end":{"line":163,"column":17}},"44":{"start":{"line":166,"column":4},"end":{"line":166,"column":15}},"45":{"start":{"line":179,"column":4},"end":{"line":179,"column":15}},"46":{"start":{"line":180,"column":4},"end":{"line":182,"column":5}},"47":{"start":{"line":181,"column":6},"end":{"line":181,"column":17}},"48":{"start":{"line":183,"column":4},"end":{"line":185,"column":5}},"49":{"start":{"line":184,"column":6},"end":{"line":184,"column":17}},"50":{"start":{"line":187,"column":4},"end":{"line":187,"column":15}},"51":{"start":{"line":203,"column":4},"end":{"line":203,"column":40}},"52":{"start":{"line":204,"column":4},"end":{"line":204,"column":36}},"53":{"start":{"line":206,"column":22},"end":{"line":206,"column":63}},"54":{"start":{"line":208,"column":4},"end":{"line":212,"column":5}},"55":{"start":{"line":209,"column":6},"end":{"line":209,"column":58}},"56":{"start":{"line":211,"column":6},"end":{"line":211,"column":65}}},"fnMap":{"0":{"name":"(anonymous_0)","decl":{"start":{"line":4,"column":20},"end":{"line":4,"column":21}},"loc":{"start":{"line":4,"column":33},"end":{"line":6,"column":1}},"line":4},"1":{"name":"(anonymous_1)","decl":{"start":{"line":18,"column":25},"end":{"line":18,"column":26}},"loc":{"start":{"line":18,"column":52},"end":{"line":35,"column":1}},"line":18},"2":{"name":"(anonymous_2)","decl":{"start":{"line":20,"column":19},"end":{"line":20,"column":20}},"loc":{"start":{"line":20,"column":41},"end":{"line":32,"column":3}},"line":20},"3":{"name":"(anonymous_3)","decl":{"start":{"line":58,"column":20},"end":{"line":58,"column":21}},"loc":{"start":{"line":58,"column":34},"end":{"line":88,"column":3}},"line":58},"4":{"name":"(anonymous_4)","decl":{"start":{"line":67,"column":8},"end":{"line":67,"column":9}},"loc":{"start":{"line":67,"column":24},"end":{"line":72,"column":9}},"line":67},"5":{"name":"(anonymous_5)","decl":{"start":{"line":105,"column":30},"end":{"line":105,"column":31}},"loc":{"start":{"line":105,"column":59},"end":{"line":122,"column":3}},"line":105},"6":{"name":"(anonymous_6)","decl":{"start":{"line":136,"column":18},"end":{"line":136,"column":19}},"loc":{"start":{"line":136,"column":42},"end":{"line":144,"column":3}},"line":136},"7":{"name":"(anonymous_7)","decl":{"start":{"line":157,"column":14},"end":{"line":157,"column":15}},"loc":{"start":{"line":157,"column":39},"end":{"line":167,"column":3}},"line":157},"8":{"name":"(anonymous_8)","decl":{"start":{"line":178,"column":13},"end":{"line":178,"column":14}},"loc":{"start":{"line":178,"column":22},"end":{"line":188,"column":3}},"line":178},"9":{"name":"(anonymous_9)","decl":{"start":{"line":202,"column":19},"end":{"line":202,"column":20}},"loc":{"start":{"line":202,"column":45},"end":{"line":213,"column":3}},"line":202}},"branchMap":{"0":{"loc":{"start":{"line":21,"column":4},"end":{"line":25,"column":9}},"type":"if","locations":[{"start":{"line":21,"column":4},"end":{"line":25,"column":9}},{"start":{"line":21,"column":4},"end":{"line":25,"column":9}}],"line":21},"1":{"loc":{"start":{"line":21,"column":8},"end":{"line":21,"column":75}},"type":"binary-expr","locations":[{"start":{"line":21,"column":8},"end":{"line":21,"column":22}},{"start":{"line":21,"column":26},"end":{"line":21,"column":40}},{"start":{"line":21,"column":44},"end":{"line":21,"column":55}},{"start":{"line":21,"column":59},"end":{"line":21,"column":75}}],"line":21},"2":{"loc":{"start":{"line":27,"column":4},"end":{"line":31,"column":9}},"type":"if","locations":[{"start":{"line":27,"column":4},"end":{"line":31,"column":9}},{"start":{"line":27,"column":4},"end":{"line":31,"column":9}}],"line":27},"3":{"loc":{"start":{"line":27,"column":8},"end":{"line":27,"column":51}},"type":"binary-expr","locations":[{"start":{"line":27,"column":8},"end":{"line":27,"column":20}},{"start":{"line":27,"column":24},"end":{"line":27,"column":51}}],"line":27},"4":{"loc":{"start":{"line":60,"column":6},"end":{"line":60,"column":75}},"type":"if","locations":[{"start":{"line":60,"column":6},"end":{"line":60,"column":75}},{"start":{"line":60,"column":6},"end":{"line":60,"column":75}}],"line":60},"5":{"loc":{"start":{"line":64,"column":6},"end":{"line":64,"column":56}},"type":"if","locations":[{"start":{"line":64,"column":6},"end":{"line":64,"column":56}},{"start":{"line":64,"column":6},"end":{"line":64,"column":56}}],"line":64},"6":{"loc":{"start":{"line":79,"column":6},"end":{"line":79,"column":50}},"type":"if","locations":[{"start":{"line":79,"column":6},"end":{"line":79,"column":50}},{"start":{"line":79,"column":6},"end":{"line":79,"column":50}}],"line":79},"7":{"loc":{"start":{"line":105,"column":43},"end":{"line":105,"column":54}},"type":"default-arg","locations":[{"start":{"line":105,"column":53},"end":{"line":105,"column":54}}],"line":105},"8":{"loc":{"start":{"line":137,"column":4},"end":{"line":138,"column":35}},"type":"if","locations":[{"start":{"line":137,"column":4},"end":{"line":138,"column":35}},{"start":{"line":137,"column":4},"end":{"line":138,"column":35}}],"line":137},"9":{"loc":{"start":{"line":137,"column":8},"end":{"line":137,"column":74}},"type":"binary-expr","locations":[{"start":{"line":137,"column":8},"end":{"line":137,"column":23}},{"start":{"line":137,"column":27},"end":{"line":137,"column":39}},{"start":{"line":137,"column":43},"end":{"line":137,"column":58}},{"start":{"line":137,"column":62},"end":{"line":137,"column":74}}],"line":137},"10":{"loc":{"start":{"line":141,"column":6},"end":{"line":141,"column":79}},"type":"cond-expr","locations":[{"start":{"line":141,"column":32},"end":{"line":141,"column":57}},{"start":{"line":141,"column":60},"end":{"line":141,"column":79}}],"line":141},"11":{"loc":{"start":{"line":142,"column":6},"end":{"line":142,"column":79}},"type":"cond-expr","locations":[{"start":{"line":142,"column":32},"end":{"line":142,"column":57}},{"start":{"line":142,"column":60},"end":{"line":142,"column":79}}],"line":142},"12":{"loc":{"start":{"line":159,"column":4},"end":{"line":161,"column":5}},"type":"if","locations":[{"start":{"line":159,"column":4},"end":{"line":161,"column":5}},{"start":{"line":159,"column":4},"end":{"line":161,"column":5}}],"line":159},"13":{"loc":{"start":{"line":162,"column":4},"end":{"line":164,"column":5}},"type":"if","locations":[{"start":{"line":162,"column":4},"end":{"line":164,"column":5}},{"start":{"line":162,"column":4},"end":{"line":164,"column":5}}],"line":162},"14":{"loc":{"start":{"line":180,"column":4},"end":{"line":182,"column":5}},"type":"if","locations":[{"start":{"line":180,"column":4},"end":{"line":182,"column":5}},{"start":{"line":180,"column":4},"end":{"line":182,"column":5}}],"line":180},"15":{"loc":{"start":{"line":183,"column":4},"end":{"line":185,"column":5}},"type":"if","locations":[{"start":{"line":183,"column":4},"end":{"line":185,"column":5}},{"start":{"line":183,"column":4},"end":{"line":185,"column":5}}],"line":183},"16":{"loc":{"start":{"line":208,"column":4},"end":{"line":212,"column":5}},"type":"if","locations":[{"start":{"line":208,"column":4},"end":{"line":212,"column":5}},{"start":{"line":208,"column":4},"end":{"line":212,"column":5}}],"line":208}},"s":{"0":1,"1":1,"2":1,"3":4,"4":1,"5":5,"6":5,"7":42,"8":12,"9":30,"10":3,"11":5,"12":1,"13":3,"14":3,"15":1,"16":2,"17":2,"18":1,"19":1,"20":6,"21":1,"22":1,"23":1,"24":1,"25":1,"26":2,"27":5,"28":5,"29":3,"30":3,"31":3,"32":3,"33":3,"34":3,"35":2,"36":4,"37":1,"38":3,"39":0,"40":0,"41":0,"42":0,"43":0,"44":0,"45":0,"46":0,"47":0,"48":0,"49":0,"50":0,"51":0,"52":0,"53":0,"54":0,"55":0,"56":0},"f":{"0":4,"1":5,"2":42,"3":3,"4":6,"5":5,"6":4,"7":0,"8":0,"9":0},"b":{"0":[12,30],"1":[42,39,36,33],"2":[3,27],"3":[30,30],"4":[1,2],"5":[1,1],"6":[1,0],"7":[2],"8":[1,3],"9":[4,3,3,3],"10":[1,2],"11":[2,1],"12":[0,0],"13":[0,0],"14":[0,0],"15":[0,0],"16":[0,0]},"_coverageSchema":"1a1c01bbd47fc00a2c39e90264f33305004495a9","hash":"d3dc1a85010567ef1c2371c27205746d85ab6b21"}
,"C:\\Users\\User\\Documents\\personal software\\geo\\src\\prototypes.js": {"path":"C:\\Users\\User\\Documents\\personal software\\geo\\src\\prototypes.js","statementMap":{"0":{"start":{"line":1,"column":17},"end":{"line":1,"column":38}},"1":{"start":{"line":3,"column":0},"end":{"line":6,"column":2}},"2":{"start":{"line":4,"column":12},"end":{"line":4,"column":40}},"3":{"start":{"line":5,"column":2},"end":{"line":5,"column":38}},"4":{"start":{"line":9,"column":0},"end":{"line":11,"column":2}},"5":{"start":{"line":10,"column":2},"end":{"line":10,"column":32}},"6":{"start":{"line":14,"column":0},"end":{"line":16,"column":2}},"7":{"start":{"line":15,"column":2},"end":{"line":15,"column":32}},"8":{"start":{"line":19,"column":0},"end":{"line":21,"column":2}},"9":{"start":{"line":20,"column":2},"end":{"line":20,"column":36}},"10":{"start":{"line":24,"column":0},"end":{"line":37,"column":2}},"11":{"start":{"line":25,"column":16},"end":{"line":25,"column":30}},"12":{"start":{"line":26,"column":2},"end":{"line":26,"column":22}},"13":{"start":{"line":27,"column":12},"end":{"line":27,"column":31}},"14":{"start":{"line":28,"column":12},"end":{"line":28,"column":44}},"15":{"start":{"line":29,"column":12},"end":{"line":29,"column":66}},"16":{"start":{"line":32,"column":2},"end":{"line":32,"column":33}},"17":{"start":{"line":32,"column":17},"end":{"line":32,"column":33}},"18":{"start":{"line":33,"column":2},"end":{"line":33,"column":32}},"19":{"start":{"line":33,"column":16},"end":{"line":33,"column":32}},"20":{"start":{"line":34,"column":2},"end":{"line":34,"column":32}},"21":{"start":{"line":34,"column":16},"end":{"line":34,"column":32}},"22":{"start":{"line":35,"column":2},"end":{"line":35,"column":32}},"23":{"start":{"line":35,"column":16},"end":{"line":35,"column":32}},"24":{"start":{"line":36,"column":2},"end":{"line":36,"column":48}},"25":{"start":{"line":39,"column":0},"end":{"line":42,"column":2}},"26":{"start":{"line":41,"column":2},"end":{"line":41,"column":56}},"27":{"start":{"line":44,"column":0},"end":{"line":47,"column":2}},"28":{"start":{"line":46,"column":2},"end":{"line":46,"column":47}},"29":{"start":{"line":55,"column":0},"end":{"line":57,"column":2}},"30":{"start":{"line":56,"column":2},"end":{"line":56,"column":24}}},"fnMap":{"0":{"name":"(anonymous_0)","decl":{"start":{"line":3,"column":33},"end":{"line":3,"column":34}},"loc":{"start":{"line":3,"column":57},"end":{"line":6,"column":1}},"line":3},"1":{"name":"(anonymous_1)","decl":{"start":{"line":9,"column":25},"end":{"line":9,"column":26}},"loc":{"start":{"line":9,"column":37},"end":{"line":11,"column":1}},"line":9},"2":{"name":"(anonymous_2)","decl":{"start":{"line":14,"column":25},"end":{"line":14,"column":26}},"loc":{"start":{"line":14,"column":37},"end":{"line":16,"column":1}},"line":14},"3":{"name":"(anonymous_3)","decl":{"start":{"line":19,"column":25},"end":{"line":19,"column":26}},"loc":{"start":{"line":19,"column":37},"end":{"line":21,"column":1}},"line":19},"4":{"name":"(anonymous_4)","decl":{"start":{"line":24,"column":25},"end":{"line":24,"column":26}},"loc":{"start":{"line":24,"column":37},"end":{"line":37,"column":1}},"line":24},"5":{"name":"(anonymous_5)","decl":{"start":{"line":39,"column":25},"end":{"line":39,"column":26}},"loc":{"start":{"line":39,"column":37},"end":{"line":42,"column":1}},"line":39},"6":{"name":"(anonymous_6)","decl":{"start":{"line":44,"column":25},"end":{"line":44,"column":26}},"loc":{"start":{"line":44,"column":37},"end":{"line":47,"column":1}},"line":44},"7":{"name":"(anonymous_7)","decl":{"start":{"line":55,"column":28},"end":{"line":55,"column":29}},"loc":{"start":{"line":55,"column":40},"end":{"line":57,"column":1}},"line":55}},"branchMap":{"0":{"loc":{"start":{"line":4,"column":21},"end":{"line":4,"column":31}},"type":"binary-expr","locations":[{"start":{"line":4,"column":21},"end":{"line":4,"column":25}},{"start":{"line":4,"column":29},"end":{"line":4,"column":31}}],"line":4},"1":{"loc":{"start":{"line":32,"column":2},"end":{"line":32,"column":33}},"type":"if","locations":[{"start":{"line":32,"column":2},"end":{"line":32,"column":33}},{"start":{"line":32,"column":2},"end":{"line":32,"column":33}}],"line":32},"2":{"loc":{"start":{"line":33,"column":2},"end":{"line":33,"column":32}},"type":"if","locations":[{"start":{"line":33,"column":2},"end":{"line":33,"column":32}},{"start":{"line":33,"column":2},"end":{"line":33,"column":32}}],"line":33},"3":{"loc":{"start":{"line":34,"column":2},"end":{"line":34,"column":32}},"type":"if","locations":[{"start":{"line":34,"column":2},"end":{"line":34,"column":32}},{"start":{"line":34,"column":2},"end":{"line":34,"column":32}}],"line":34},"4":{"loc":{"start":{"line":35,"column":2},"end":{"line":35,"column":32}},"type":"if","locations":[{"start":{"line":35,"column":2},"end":{"line":35,"column":32}},{"start":{"line":35,"column":2},"end":{"line":35,"column":32}}],"line":35},"5":{"loc":{"start":{"line":41,"column":34},"end":{"line":41,"column":54}},"type":"cond-expr","locations":[{"start":{"line":41,"column":45},"end":{"line":41,"column":48}},{"start":{"line":41,"column":51},"end":{"line":41,"column":54}}],"line":41},"6":{"loc":{"start":{"line":46,"column":25},"end":{"line":46,"column":45}},"type":"cond-expr","locations":[{"start":{"line":46,"column":36},"end":{"line":46,"column":39}},{"start":{"line":46,"column":42},"end":{"line":46,"column":45}}],"line":46}},"s":{"0":3,"1":3,"2":36,"3":36,"4":3,"5":22,"6":3,"7":6,"8":3,"9":1,"10":3,"11":3,"12":3,"13":3,"14":3,"15":3,"16":3,"17":3,"18":3,"19":1,"20":3,"21":3,"22":3,"23":0,"24":3,"25":3,"26":1,"27":3,"28":1,"29":3,"30":0},"f":{"0":36,"1":22,"2":6,"3":1,"4":3,"5":1,"6":1,"7":0},"b":{"0":[36,36],"1":[3,0],"2":[1,2],"3":[3,0],"4":[0,3],"5":[0,1],"6":[0,1]},"_coverageSchema":"1a1c01bbd47fc00a2c39e90264f33305004495a9","hash":"afc3e467a6ba07bbeb7e9c54f8ec64e77b8e4e60"}
,"C:\\Users\\User\\Documents\\personal software\\geo\\src\\parseDMS\\index.js": {"path":"C:\\Users\\User\\Documents\\personal software\\geo\\src\\parseDMS\\index.js","statementMap":{"0":{"start":{"line":20,"column":27},"end":{"line":20,"column":69}},"1":{"start":{"line":21,"column":19},"end":{"line":21,"column":53}},"2":{"start":{"line":22,"column":0},"end":{"line":22,"column":25}},"3":{"start":{"line":39,"column":17},"end":{"line":61,"column":1}},"4":{"start":{"line":40,"column":2},"end":{"line":40,"column":32}},"5":{"start":{"line":40,"column":20},"end":{"line":40,"column":32}},"6":{"start":{"line":42,"column":2},"end":{"line":43,"column":37}},"7":{"start":{"line":43,"column":4},"end":{"line":43,"column":37}},"8":{"start":{"line":46,"column":2},"end":{"line":49,"column":52}},"9":{"start":{"line":47,"column":4},"end":{"line":49,"column":52}},"10":{"start":{"line":48,"column":30},"end":{"line":48,"column":60}},"11":{"start":{"line":49,"column":27},"end":{"line":49,"column":50}},"12":{"start":{"line":53,"column":2},"end":{"line":55,"column":3}},"13":{"start":{"line":54,"column":4},"end":{"line":54,"column":55}},"14":{"start":{"line":57,"column":2},"end":{"line":60,"column":4}},"15":{"start":{"line":63,"column":0},"end":{"line":63,"column":26}}},"fnMap":{"0":{"name":"(anonymous_0)","decl":{"start":{"line":39,"column":17},"end":{"line":39,"column":18}},"loc":{"start":{"line":39,"column":41},"end":{"line":61,"column":1}},"line":39},"1":{"name":"(anonymous_1)","decl":{"start":{"line":48,"column":20},"end":{"line":48,"column":21}},"loc":{"start":{"line":48,"column":30},"end":{"line":48,"column":60}},"line":48},"2":{"name":"(anonymous_2)","decl":{"start":{"line":49,"column":17},"end":{"line":49,"column":18}},"loc":{"start":{"line":49,"column":27},"end":{"line":49,"column":50}},"line":49}},"branchMap":{"0":{"loc":{"start":{"line":39,"column":24},"end":{"line":39,"column":36}},"type":"default-arg","locations":[{"start":{"line":39,"column":34},"end":{"line":39,"column":36}}],"line":39},"1":{"loc":{"start":{"line":40,"column":2},"end":{"line":40,"column":32}},"type":"if","locations":[{"start":{"line":40,"column":2},"end":{"line":40,"column":32}},{"start":{"line":40,"column":2},"end":{"line":40,"column":32}}],"line":40},"2":{"loc":{"start":{"line":42,"column":2},"end":{"line":43,"column":37}},"type":"if","locations":[{"start":{"line":42,"column":2},"end":{"line":43,"column":37}},{"start":{"line":42,"column":2},"end":{"line":43,"column":37}}],"line":42},"3":{"loc":{"start":{"line":42,"column":6},"end":{"line":42,"column":58}},"type":"binary-expr","locations":[{"start":{"line":42,"column":6},"end":{"line":42,"column":30}},{"start":{"line":42,"column":34},"end":{"line":42,"column":58}}],"line":42},"4":{"loc":{"start":{"line":46,"column":2},"end":{"line":49,"column":52}},"type":"if","locations":[{"start":{"line":46,"column":2},"end":{"line":49,"column":52}},{"start":{"line":46,"column":2},"end":{"line":49,"column":52}}],"line":46},"5":{"loc":{"start":{"line":47,"column":11},"end":{"line":49,"column":51}},"type":"cond-expr","locations":[{"start":{"line":48,"column":8},"end":{"line":48,"column":65}},{"start":{"line":49,"column":8},"end":{"line":49,"column":51}}],"line":47},"6":{"loc":{"start":{"line":53,"column":2},"end":{"line":55,"column":3}},"type":"if","locations":[{"start":{"line":53,"column":2},"end":{"line":55,"column":3}},{"start":{"line":53,"column":2},"end":{"line":55,"column":3}}],"line":53}},"s":{"0":3,"1":3,"2":3,"3":3,"4":117,"5":0,"6":117,"7":81,"8":36,"9":17,"10":12,"11":42,"12":19,"13":19,"14":0,"15":3},"f":{"0":117,"1":12,"2":42},"b":{"0":[24],"1":[0,117],"2":[81,36],"3":[117,73],"4":[17,19],"5":[3,14],"6":[19,0]},"_coverageSchema":"1a1c01bbd47fc00a2c39e90264f33305004495a9","hash":"aba865608292be74ffff728dd37e06c14b391cc6"}
,"C:\\Users\\User\\Documents\\personal software\\geo\\src\\parseDMS\\components\\processDMS.js": {"path":"C:\\Users\\User\\Documents\\personal software\\geo\\src\\parseDMS\\components\\processDMS.js","statementMap":{"0":{"start":{"line":1,"column":26},"end":{"line":1,"column":56}},"1":{"start":{"line":2,"column":25},"end":{"line":2,"column":54}},"2":{"start":{"line":4,"column":19},"end":{"line":46,"column":1}},"3":{"start":{"line":5,"column":2},"end":{"line":45,"column":3}},"4":{"start":{"line":7,"column":4},"end":{"line":8,"column":38}},"5":{"start":{"line":8,"column":6},"end":{"line":8,"column":38}},"6":{"start":{"line":11,"column":4},"end":{"line":19,"column":5}},"7":{"start":{"line":16,"column":6},"end":{"line":16,"column":67}},"8":{"start":{"line":16,"column":36},"end":{"line":16,"column":67}},"9":{"start":{"line":18,"column":6},"end":{"line":18,"column":30}},"10":{"start":{"line":22,"column":12},"end":{"line":25,"column":27}},"11":{"start":{"line":28,"column":4},"end":{"line":35,"column":7}},"12":{"start":{"line":29,"column":6},"end":{"line":34,"column":7}},"13":{"start":{"line":30,"column":8},"end":{"line":32,"column":9}},"14":{"start":{"line":31,"column":10},"end":{"line":31,"column":42}},"15":{"start":{"line":33,"column":8},"end":{"line":33,"column":25}},"16":{"start":{"line":37,"column":4},"end":{"line":37,"column":37}},"17":{"start":{"line":38,"column":4},"end":{"line":38,"column":32}},"18":{"start":{"line":40,"column":4},"end":{"line":40,"column":66}},"19":{"start":{"line":40,"column":55},"end":{"line":40,"column":66}},"20":{"start":{"line":41,"column":4},"end":{"line":41,"column":32}},"21":{"start":{"line":43,"column":4},"end":{"line":43,"column":55}},"22":{"start":{"line":43,"column":33},"end":{"line":43,"column":55}},"23":{"start":{"line":44,"column":4},"end":{"line":44,"column":14}},"24":{"start":{"line":48,"column":0},"end":{"line":48,"column":28}}},"fnMap":{"0":{"name":"(anonymous_0)","decl":{"start":{"line":4,"column":19},"end":{"line":4,"column":20}},"loc":{"start":{"line":4,"column":42},"end":{"line":46,"column":1}},"line":4},"1":{"name":"(anonymous_1)","decl":{"start":{"line":28,"column":16},"end":{"line":28,"column":17}},"loc":{"start":{"line":28,"column":26},"end":{"line":35,"column":5}},"line":28}},"branchMap":{"0":{"loc":{"start":{"line":7,"column":4},"end":{"line":8,"column":38}},"type":"if","locations":[{"start":{"line":7,"column":4},"end":{"line":8,"column":38}},{"start":{"line":7,"column":4},"end":{"line":8,"column":38}}],"line":7},"1":{"loc":{"start":{"line":11,"column":4},"end":{"line":19,"column":5}},"type":"if","locations":[{"start":{"line":11,"column":4},"end":{"line":19,"column":5}},{"start":{"line":11,"column":4},"end":{"line":19,"column":5}}],"line":11},"2":{"loc":{"start":{"line":12,"column":6},"end":{"line":14,"column":24}},"type":"binary-expr","locations":[{"start":{"line":12,"column":6},"end":{"line":12,"column":34}},{"start":{"line":13,"column":6},"end":{"line":13,"column":24}},{"start":{"line":14,"column":6},"end":{"line":14,"column":24}}],"line":12},"3":{"loc":{"start":{"line":16,"column":6},"end":{"line":16,"column":67}},"type":"if","locations":[{"start":{"line":16,"column":6},"end":{"line":16,"column":67}},{"start":{"line":16,"column":6},"end":{"line":16,"column":67}}],"line":16},"4":{"loc":{"start":{"line":29,"column":6},"end":{"line":34,"column":7}},"type":"if","locations":[{"start":{"line":29,"column":6},"end":{"line":34,"column":7}},{"start":{"line":29,"column":6},"end":{"line":34,"column":7}}],"line":29},"5":{"loc":{"start":{"line":30,"column":8},"end":{"line":32,"column":9}},"type":"if","locations":[{"start":{"line":30,"column":8},"end":{"line":32,"column":9}},{"start":{"line":30,"column":8},"end":{"line":32,"column":9}}],"line":30},"6":{"loc":{"start":{"line":40,"column":4},"end":{"line":40,"column":66}},"type":"if","locations":[{"start":{"line":40,"column":4},"end":{"line":40,"column":66}},{"start":{"line":40,"column":4},"end":{"line":40,"column":66}}],"line":40},"7":{"loc":{"start":{"line":40,"column":8},"end":{"line":40,"column":53}},"type":"binary-expr","locations":[{"start":{"line":40,"column":8},"end":{"line":40,"column":27}},{"start":{"line":40,"column":31},"end":{"line":40,"column":53}}],"line":40},"8":{"loc":{"start":{"line":43,"column":4},"end":{"line":43,"column":55}},"type":"if","locations":[{"start":{"line":43,"column":4},"end":{"line":43,"column":55}},{"start":{"line":43,"column":4},"end":{"line":43,"column":55}}],"line":43}},"s":{"0":3,"1":3,"2":3,"3":81,"4":81,"5":5,"6":76,"7":37,"8":4,"9":33,"10":39,"11":39,"12":136,"13":21,"14":0,"15":21,"16":39,"17":32,"18":32,"19":18,"20":32,"21":16,"22":5,"23":11,"24":3},"f":{"0":81,"1":136},"b":{"0":[5,76],"1":[37,39],"2":[76,68,37],"3":[4,33],"4":[21,115],"5":[0,21],"6":[18,14],"7":[32,27],"8":[5,11]},"_coverageSchema":"1a1c01bbd47fc00a2c39e90264f33305004495a9","hash":"7a5fcaaca42b6640020cd0ce9a7729ef73fdb357"}
,"C:\\Users\\User\\Documents\\personal software\\geo\\src\\parseDMS\\components\\processDMSstring.js": {"path":"C:\\Users\\User\\Documents\\personal software\\geo\\src\\parseDMS\\components\\processDMSstring.js","statementMap":{"0":{"start":{"line":1,"column":25},"end":{"line":23,"column":1}},"1":{"start":{"line":3,"column":2},"end":{"line":20,"column":3}},"2":{"start":{"line":7,"column":6},"end":{"line":7,"column":53}},"3":{"start":{"line":8,"column":6},"end":{"line":8,"column":12}},"4":{"start":{"line":10,"column":6},"end":{"line":10,"column":37}},"5":{"start":{"line":11,"column":6},"end":{"line":11,"column":12}},"6":{"start":{"line":13,"column":6},"end":{"line":16,"column":31}},"7":{"start":{"line":17,"column":6},"end":{"line":17,"column":12}},"8":{"start":{"line":19,"column":6},"end":{"line":19,"column":38}},"9":{"start":{"line":22,"column":2},"end":{"line":22,"column":13}},"10":{"start":{"line":25,"column":0},"end":{"line":25,"column":34}}},"fnMap":{"0":{"name":"(anonymous_0)","decl":{"start":{"line":1,"column":25},"end":{"line":1,"column":26}},"loc":{"start":{"line":1,"column":34},"end":{"line":23,"column":1}},"line":1}},"branchMap":{"0":{"loc":{"start":{"line":3,"column":2},"end":{"line":20,"column":3}},"type":"switch","locations":[{"start":{"line":6,"column":4},"end":{"line":8,"column":12}},{"start":{"line":9,"column":4},"end":{"line":11,"column":12}},{"start":{"line":12,"column":4},"end":{"line":17,"column":12}},{"start":{"line":18,"column":4},"end":{"line":19,"column":38}}],"line":3}},"s":{"0":3,"1":32,"2":31,"3":31,"4":1,"5":1,"6":0,"7":0,"8":0,"9":32,"10":3},"f":{"0":32},"b":{"0":[31,1,0,0]},"_coverageSchema":"1a1c01bbd47fc00a2c39e90264f33305004495a9","hash":"bf8de7e5f6751f981dfa7b1034b1d2fa69378db8"}
,"C:\\Users\\User\\Documents\\personal software\\geo\\src\\parseDMS\\components\\processPointObject.js": {"path":"C:\\Users\\User\\Documents\\personal software\\geo\\src\\parseDMS\\components\\processPointObject.js","statementMap":{"0":{"start":{"line":1,"column":25},"end":{"line":5,"column":1}},"1":{"start":{"line":2,"column":2},"end":{"line":4,"column":12}},"2":{"start":{"line":7,"column":27},"end":{"line":35,"column":1}},"3":{"start":{"line":8,"column":2},"end":{"line":34,"column":3}},"4":{"start":{"line":10,"column":6},"end":{"line":14,"column":33}},"5":{"start":{"line":16,"column":6},"end":{"line":20,"column":33}},"6":{"start":{"line":22,"column":4},"end":{"line":25,"column":5}},"7":{"start":{"line":23,"column":6},"end":{"line":23,"column":37}},"8":{"start":{"line":23,"column":21},"end":{"line":23,"column":37}},"9":{"start":{"line":24,"column":6},"end":{"line":24,"column":37}},"10":{"start":{"line":24,"column":21},"end":{"line":24,"column":37}},"11":{"start":{"line":26,"column":4},"end":{"line":26,"column":55}},"12":{"start":{"line":28,"column":4},"end":{"line":33,"column":15}},"13":{"start":{"line":29,"column":40},"end":{"line":29,"column":65}},"14":{"start":{"line":31,"column":10},"end":{"line":31,"column":48}},"15":{"start":{"line":32,"column":10},"end":{"line":32,"column":21}},"16":{"start":{"line":37,"column":0},"end":{"line":37,"column":36}}},"fnMap":{"0":{"name":"(anonymous_0)","decl":{"start":{"line":1,"column":25},"end":{"line":1,"column":26}},"loc":{"start":{"line":1,"column":36},"end":{"line":5,"column":1}},"line":1},"1":{"name":"(anonymous_1)","decl":{"start":{"line":7,"column":27},"end":{"line":7,"column":28}},"loc":{"start":{"line":7,"column":52},"end":{"line":35,"column":1}},"line":7},"2":{"name":"(anonymous_2)","decl":{"start":{"line":29,"column":30},"end":{"line":29,"column":31}},"loc":{"start":{"line":29,"column":40},"end":{"line":29,"column":65}},"line":29},"3":{"name":"(anonymous_3)","decl":{"start":{"line":30,"column":33},"end":{"line":30,"column":34}},"loc":{"start":{"line":30,"column":48},"end":{"line":33,"column":9}},"line":30}},"branchMap":{"0":{"loc":{"start":{"line":2,"column":9},"end":{"line":4,"column":11}},"type":"cond-expr","locations":[{"start":{"line":3,"column":6},"end":{"line":3,"column":10}},{"start":{"line":4,"column":6},"end":{"line":4,"column":11}}],"line":2},"1":{"loc":{"start":{"line":2,"column":9},"end":{"line":2,"column":67}},"type":"binary-expr","locations":[{"start":{"line":2,"column":9},"end":{"line":2,"column":36}},{"start":{"line":2,"column":40},"end":{"line":2,"column":67}}],"line":2},"2":{"loc":{"start":{"line":8,"column":2},"end":{"line":34,"column":3}},"type":"if","locations":[{"start":{"line":8,"column":2},"end":{"line":34,"column":3}},{"start":{"line":8,"column":2},"end":{"line":34,"column":3}}],"line":8},"3":{"loc":{"start":{"line":10,"column":6},"end":{"line":14,"column":33}},"type":"cond-expr","locations":[{"start":{"line":11,"column":10},"end":{"line":13,"column":11}},{"start":{"line":14,"column":10},"end":{"line":14,"column":33}}],"line":10},"4":{"loc":{"start":{"line":16,"column":6},"end":{"line":20,"column":33}},"type":"cond-expr","locations":[{"start":{"line":17,"column":10},"end":{"line":19,"column":11}},{"start":{"line":20,"column":10},"end":{"line":20,"column":33}}],"line":16},"5":{"loc":{"start":{"line":22,"column":4},"end":{"line":25,"column":5}},"type":"if","locations":[{"start":{"line":22,"column":4},"end":{"line":25,"column":5}},{"start":{"line":22,"column":4},"end":{"line":25,"column":5}}],"line":22},"6":{"loc":{"start":{"line":23,"column":6},"end":{"line":23,"column":37}},"type":"if","locations":[{"start":{"line":23,"column":6},"end":{"line":23,"column":37}},{"start":{"line":23,"column":6},"end":{"line":23,"column":37}}],"line":23},"7":{"loc":{"start":{"line":24,"column":6},"end":{"line":24,"column":37}},"type":"if","locations":[{"start":{"line":24,"column":6},"end":{"line":24,"column":37}},{"start":{"line":24,"column":6},"end":{"line":24,"column":37}}],"line":24},"8":{"loc":{"start":{"line":26,"column":11},"end":{"line":26,"column":54}},"type":"cond-expr","locations":[{"start":{"line":26,"column":29},"end":{"line":26,"column":39}},{"start":{"line":26,"column":42},"end":{"line":26,"column":54}}],"line":26},"9":{"loc":{"start":{"line":28,"column":11},"end":{"line":33,"column":14}},"type":"cond-expr","locations":[{"start":{"line":29,"column":8},"end":{"line":29,"column":66}},{"start":{"line":30,"column":8},"end":{"line":33,"column":14}}],"line":28}},"s":{"0":3,"1":0,"2":3,"3":19,"4":19,"5":19,"6":19,"7":13,"8":1,"9":12,"10":1,"11":17,"12":0,"13":0,"14":0,"15":0,"16":3},"f":{"0":0,"1":19,"2":0,"3":0},"b":{"0":[0,0],"1":[0,0],"2":[19,0],"3":[2,17],"4":[1,18],"5":[13,6],"6":[1,12],"7":[1,11],"8":[3,14],"9":[0,0]},"_coverageSchema":"1a1c01bbd47fc00a2c39e90264f33305004495a9","hash":"715e24d00a155eb9d0d9b0ad404241789b5f0008"}
,"C:\\Users\\User\\Documents\\personal software\\geo\\src\\parseDMS\\components\\validateDMSString.js": {"path":"C:\\Users\\User\\Documents\\personal software\\geo\\src\\parseDMS\\components\\validateDMSString.js","statementMap":{"0":{"start":{"line":11,"column":26},"end":{"line":32,"column":1}},"1":{"start":{"line":13,"column":2},"end":{"line":13,"column":69}},"2":{"start":{"line":13,"column":35},"end":{"line":13,"column":69}},"3":{"start":{"line":15,"column":2},"end":{"line":16,"column":38}},"4":{"start":{"line":16,"column":4},"end":{"line":16,"column":38}},"5":{"start":{"line":18,"column":2},"end":{"line":31,"column":3}},"6":{"start":{"line":22,"column":6},"end":{"line":22,"column":62}},"7":{"start":{"line":22,"column":28},"end":{"line":22,"column":62}},"8":{"start":{"line":24,"column":6},"end":{"line":24,"column":62}},"9":{"start":{"line":24,"column":28},"end":{"line":24,"column":62}},"10":{"start":{"line":27,"column":6},"end":{"line":27,"column":62}},"11":{"start":{"line":27,"column":28},"end":{"line":27,"column":62}},"12":{"start":{"line":30,"column":6},"end":{"line":30,"column":13}},"13":{"start":{"line":34,"column":0},"end":{"line":34,"column":35}}},"fnMap":{"0":{"name":"(anonymous_0)","decl":{"start":{"line":11,"column":26},"end":{"line":11,"column":27}},"loc":{"start":{"line":11,"column":51},"end":{"line":32,"column":1}},"line":11}},"branchMap":{"0":{"loc":{"start":{"line":13,"column":2},"end":{"line":13,"column":69}},"type":"if","locations":[{"start":{"line":13,"column":2},"end":{"line":13,"column":69}},{"start":{"line":13,"column":2},"end":{"line":13,"column":69}}],"line":13},"1":{"loc":{"start":{"line":15,"column":2},"end":{"line":16,"column":38}},"type":"if","locations":[{"start":{"line":15,"column":2},"end":{"line":16,"column":38}},{"start":{"line":15,"column":2},"end":{"line":16,"column":38}}],"line":15},"2":{"loc":{"start":{"line":15,"column":6},"end":{"line":15,"column":59}},"type":"binary-expr","locations":[{"start":{"line":15,"column":6},"end":{"line":15,"column":29}},{"start":{"line":15,"column":33},"end":{"line":15,"column":59}}],"line":15},"3":{"loc":{"start":{"line":18,"column":2},"end":{"line":31,"column":3}},"type":"switch","locations":[{"start":{"line":21,"column":4},"end":{"line":24,"column":62}},{"start":{"line":26,"column":4},"end":{"line":27,"column":62}},{"start":{"line":29,"column":4},"end":{"line":30,"column":13}}],"line":18},"4":{"loc":{"start":{"line":22,"column":6},"end":{"line":22,"column":62}},"type":"if","locations":[{"start":{"line":22,"column":6},"end":{"line":22,"column":62}},{"start":{"line":22,"column":6},"end":{"line":22,"column":62}}],"line":22},"5":{"loc":{"start":{"line":24,"column":6},"end":{"line":24,"column":62}},"type":"if","locations":[{"start":{"line":24,"column":6},"end":{"line":24,"column":62}},{"start":{"line":24,"column":6},"end":{"line":24,"column":62}}],"line":24},"6":{"loc":{"start":{"line":27,"column":6},"end":{"line":27,"column":62}},"type":"if","locations":[{"start":{"line":27,"column":6},"end":{"line":27,"column":62}},{"start":{"line":27,"column":6},"end":{"line":27,"column":62}}],"line":27}},"s":{"0":3,"1":39,"2":1,"3":38,"4":0,"5":38,"6":36,"7":3,"8":33,"9":2,"10":33,"11":1,"12":32,"13":3},"f":{"0":39},"b":{"0":[1,38],"1":[0,38],"2":[38,5],"3":[36,33,32],"4":[3,33],"5":[2,31],"6":[1,32]},"_coverageSchema":"1a1c01bbd47fc00a2c39e90264f33305004495a9","hash":"be36b175c7649d2e62580a1d857fa0bb7cc665ec"}
,"C:\\Users\\User\\Documents\\personal software\\geo\\test\\test_defaults.js": {"path":"C:\\Users\\User\\Documents\\personal software\\geo\\test\\test_defaults.js","statementMap":{"0":{"start":{"line":1,"column":17},"end":{"line":10,"column":1}},"1":{"start":{"line":12,"column":26},"end":{"line":24,"column":1}},"2":{"start":{"line":26,"column":28},"end":{"line":35,"column":1}},"3":{"start":{"line":37,"column":38},"end":{"line":37,"column":40}},"4":{"start":{"line":39,"column":31},"end":{"line":51,"column":1}},"5":{"start":{"line":53,"column":34},"end":{"line":58,"column":1}},"6":{"start":{"line":60,"column":34},"end":{"line":74,"column":1}},"7":{"start":{"line":76,"column":31},"end":{"line":80,"column":1}},"8":{"start":{"line":82,"column":0},"end":{"line":90,"column":2}}},"fnMap":{},"branchMap":{},"s":{"0":3,"1":3,"2":3,"3":3,"4":3,"5":3,"6":3,"7":3,"8":3},"f":{},"b":{},"_coverageSchema":"1a1c01bbd47fc00a2c39e90264f33305004495a9","hash":"8f611e8b3b706aab16497b5b1ee4f941a9bf74c1"}
}
