TN:
SF:src\bearings.js
FN:4,(anonymous_0)
FN:18,(anonymous_1)
FN:20,(anonymous_2)
FN:58,(anonymous_3)
FN:67,(anonymous_4)
FN:105,(anonymous_5)
FN:136,(anonymous_6)
FN:157,(anonymous_7)
FN:178,(anonymous_8)
FN:202,(anonymous_9)
FNF:10
FNH:7
FNDA:4,(anonymous_0)
FNDA:5,(anonymous_1)
FNDA:42,(anonymous_2)
FNDA:3,(anonymous_3)
FNDA:6,(anonymous_4)
FNDA:5,(anonymous_5)
FNDA:4,(anonymous_6)
FNDA:0,(anonymous_7)
FNDA:0,(anonymous_8)
FNDA:0,(anonymous_9)
DA:1,1
DA:2,1
DA:4,1
DA:5,4
DA:18,1
DA:19,5
DA:20,5
DA:21,42
DA:22,12
DA:27,30
DA:28,3
DA:34,5
DA:37,1
DA:59,3
DA:60,3
DA:63,2
DA:64,2
DA:66,1
DA:68,6
DA:76,1
DA:77,1
DA:79,1
DA:81,1
DA:86,2
DA:106,5
DA:107,5
DA:109,3
DA:110,3
DA:111,3
DA:113,3
DA:115,3
DA:118,3
DA:120,2
DA:137,4
DA:138,1
DA:140,3
DA:158,0
DA:159,0
DA:160,0
DA:162,0
DA:163,0
DA:166,0
DA:179,0
DA:180,0
DA:181,0
DA:183,0
DA:184,0
DA:187,0
DA:203,0
DA:204,0
DA:206,0
DA:208,0
DA:209,0
DA:211,0
LF:54
LH:36
BRDA:21,0,0,12
BRDA:21,0,1,30
BRDA:21,1,0,42
BRDA:21,1,1,39
BRDA:21,1,2,36
BRDA:21,1,3,33
BRDA:27,2,0,3
BRDA:27,2,1,27
BRDA:27,3,0,30
BRDA:27,3,1,30
BRDA:60,4,0,1
BRDA:60,4,1,2
BRDA:64,5,0,1
BRDA:64,5,1,1
BRDA:79,6,0,1
BRDA:79,6,1,0
BRDA:105,7,0,2
BRDA:137,8,0,1
BRDA:137,8,1,3
BRDA:137,9,0,4
BRDA:137,9,1,3
BRDA:137,9,2,3
BRDA:137,9,3,3
BRDA:141,10,0,1
BRDA:141,10,1,2
BRDA:142,11,0,2
BRDA:142,11,1,1
BRDA:159,12,0,0
BRDA:159,12,1,0
BRDA:162,13,0,0
BRDA:162,13,1,0
BRDA:180,14,0,0
BRDA:180,14,1,0
BRDA:183,15,0,0
BRDA:183,15,1,0
BRDA:208,16,0,0
BRDA:208,16,1,0
BRF:37
BRH:26
end_of_record
TN:
SF:src\prototypes.js
FN:3,(anonymous_0)
FN:9,(anonymous_1)
FN:14,(anonymous_2)
FN:19,(anonymous_3)
FN:24,(anonymous_4)
FN:39,(anonymous_5)
FN:44,(anonymous_6)
FN:55,(anonymous_7)
FNF:8
FNH:7
FNDA:36,(anonymous_0)
FNDA:22,(anonymous_1)
FNDA:6,(anonymous_2)
FNDA:1,(anonymous_3)
FNDA:3,(anonymous_4)
FNDA:1,(anonymous_5)
FNDA:1,(anonymous_6)
FNDA:0,(anonymous_7)
DA:1,3
DA:3,3
DA:4,36
DA:5,36
DA:9,3
DA:10,22
DA:14,3
DA:15,6
DA:19,3
DA:20,1
DA:24,3
DA:25,3
DA:26,3
DA:27,3
DA:28,3
DA:29,3
DA:32,3
DA:33,3
DA:34,3
DA:35,3
DA:36,3
DA:39,3
DA:41,1
DA:44,3
DA:46,1
DA:55,3
DA:56,0
LF:27
LH:26
BRDA:4,0,0,36
BRDA:4,0,1,36
BRDA:32,1,0,3
BRDA:32,1,1,0
BRDA:33,2,0,1
BRDA:33,2,1,2
BRDA:34,3,0,3
BRDA:34,3,1,0
BRDA:35,4,0,0
BRDA:35,4,1,3
BRDA:41,5,0,0
BRDA:41,5,1,1
BRDA:46,6,0,0
BRDA:46,6,1,1
BRF:14
BRH:9
end_of_record
TN:
SF:src\parseDMS\index.js
FN:39,(anonymous_0)
FN:48,(anonymous_1)
FN:49,(anonymous_2)
FNF:3
FNH:3
FNDA:117,(anonymous_0)
FNDA:12,(anonymous_1)
FNDA:42,(anonymous_2)
DA:20,3
DA:21,3
DA:22,3
DA:39,3
DA:40,117
DA:42,117
DA:43,81
DA:46,36
DA:47,17
DA:48,12
DA:49,42
DA:53,19
DA:54,19
DA:57,0
DA:63,3
LF:15
LH:14
BRDA:39,0,0,24
BRDA:40,1,0,0
BRDA:40,1,1,117
BRDA:42,2,0,81
BRDA:42,2,1,36
BRDA:42,3,0,117
BRDA:42,3,1,73
BRDA:46,4,0,17
BRDA:46,4,1,19
BRDA:47,5,0,3
BRDA:47,5,1,14
BRDA:53,6,0,19
BRDA:53,6,1,0
BRF:13
BRH:11
end_of_record
TN:
SF:src\parseDMS\components\processDMS.js
FN:4,(anonymous_0)
FN:28,(anonymous_1)
FNF:2
FNH:2
FNDA:81,(anonymous_0)
FNDA:136,(anonymous_1)
DA:1,3
DA:2,3
DA:4,3
DA:5,81
DA:7,81
DA:8,5
DA:11,76
DA:16,37
DA:18,33
DA:22,39
DA:28,39
DA:29,136
DA:30,21
DA:31,0
DA:33,21
DA:37,39
DA:38,32
DA:40,32
DA:41,32
DA:43,16
DA:44,11
DA:48,3
LF:22
LH:21
BRDA:7,0,0,5
BRDA:7,0,1,76
BRDA:11,1,0,37
BRDA:11,1,1,39
BRDA:12,2,0,76
BRDA:12,2,1,68
BRDA:12,2,2,37
BRDA:16,3,0,4
BRDA:16,3,1,33
BRDA:29,4,0,21
BRDA:29,4,1,115
BRDA:30,5,0,0
BRDA:30,5,1,21
BRDA:40,6,0,18
BRDA:40,6,1,14
BRDA:40,7,0,32
BRDA:40,7,1,27
BRDA:43,8,0,5
BRDA:43,8,1,11
BRF:19
BRH:18
end_of_record
TN:
SF:src\parseDMS\components\processDMSstring.js
FN:1,(anonymous_0)
FNF:1
FNH:1
FNDA:32,(anonymous_0)
DA:1,3
DA:3,32
DA:7,31
DA:8,31
DA:10,1
DA:11,1
DA:13,0
DA:17,0
DA:19,0
DA:22,32
DA:25,3
LF:11
LH:8
BRDA:3,0,0,31
BRDA:3,0,1,1
BRDA:3,0,2,0
BRDA:3,0,3,0
BRF:4
BRH:2
end_of_record
TN:
SF:src\parseDMS\components\processPointObject.js
FN:1,(anonymous_0)
FN:7,(anonymous_1)
FN:29,(anonymous_2)
FN:30,(anonymous_3)
FNF:4
FNH:1
FNDA:0,(anonymous_0)
FNDA:19,(anonymous_1)
FNDA:0,(anonymous_2)
FNDA:0,(anonymous_3)
DA:1,3
DA:2,0
DA:7,3
DA:8,19
DA:10,19
DA:16,19
DA:22,19
DA:23,13
DA:24,12
DA:26,17
DA:28,0
DA:29,0
DA:31,0
DA:32,0
DA:37,3
LF:15
LH:10
BRDA:2,0,0,0
BRDA:2,0,1,0
BRDA:2,1,0,0
BRDA:2,1,1,0
BRDA:8,2,0,19
BRDA:8,2,1,0
BRDA:10,3,0,2
BRDA:10,3,1,17
BRDA:16,4,0,1
BRDA:16,4,1,18
BRDA:22,5,0,13
BRDA:22,5,1,6
BRDA:23,6,0,1
BRDA:23,6,1,12
BRDA:24,7,0,1
BRDA:24,7,1,11
BRDA:26,8,0,3
BRDA:26,8,1,14
BRDA:28,9,0,0
BRDA:28,9,1,0
BRF:20
BRH:13
end_of_record
TN:
SF:src\parseDMS\components\validateDMSString.js
FN:11,(anonymous_0)
FNF:1
FNH:1
FNDA:39,(anonymous_0)
DA:11,3
DA:13,39
DA:15,38
DA:16,0
DA:18,38
DA:22,36
DA:24,33
DA:27,33
DA:30,32
DA:34,3
LF:10
LH:9
BRDA:13,0,0,1
BRDA:13,0,1,38
BRDA:15,1,0,0
BRDA:15,1,1,38
BRDA:15,2,0,38
BRDA:15,2,1,5
BRDA:18,3,0,36
BRDA:18,3,1,33
BRDA:18,3,2,32
BRDA:22,4,0,3
BRDA:22,4,1,33
BRDA:24,5,0,2
BRDA:24,5,1,31
BRDA:27,6,0,1
BRDA:27,6,1,32
BRF:15
BRH:14
end_of_record
TN:
SF:test\test_defaults.js
FNF:0
FNH:0
DA:1,3
DA:12,3
DA:26,3
DA:37,3
DA:39,3
DA:53,3
DA:60,3
DA:76,3
DA:82,3
LF:9
LH:9
BRF:0
BRH:0
end_of_record
